<?xml version="1.0" encoding="UTF-8"?>
<!-- Generated by org.testng.reporters.JUnitReportReporter -->
<testsuite hostname="Biswajits-MacBook-Pro.local" name="testCases.VerifyPopUpTextNewUserRegistration" tests="1" failures="0" timestamp="13 Apr 2017 02:30:22 GMT" time="5.780" errors="0">
  <testcase name="test_VerifyNewUserRegistration" time="5.780" classname="testCases.VerifyPopUpTextNewUserRegistration"/>
</testsuite> <!-- testCases.VerifyPopUpTextNewUserRegistration -->
