<?xml version="1.0" encoding="UTF-8"?>
<!-- Generated by org.testng.reporters.JUnitReportReporter -->
<testsuite hostname="Biswajits-MacBook-Pro.local" name="testCases.VerifyHomePage" tests="1" failures="0" timestamp="13 Apr 2017 02:30:22 GMT" time="5.644" errors="0">
  <testcase name="test_VerifyHomePage" time="5.644" classname="testCases.VerifyHomePage"/>
</testsuite> <!-- testCases.VerifyHomePage -->
