<?xml version="1.0" encoding="UTF-8"?>
<!-- Generated by org.testng.reporters.JUnitReportReporter -->
<testsuite hostname="Biswajits-MacBook-Pro.local" name="testCases.VerifyDropDownList" tests="1" failures="0" timestamp="10 Apr 2017 22:57:44 GMT" time="5.036" errors="0">
  <testcase name="test_VerifyNewUserRegistration" time="5.036" classname="testCases.VerifyDropDownList"/>
</testsuite> <!-- testCases.VerifyDropDownList -->
