<?xml version="1.0" encoding="UTF-8"?>
<!-- Generated by org.testng.reporters.JUnitReportReporter -->
<testsuite hostname="Biswajits-MacBook-Pro.local" name="testCases.VerifyUserLogin_Invalid" tests="1" failures="0" timestamp="9 Apr 2017 17:39:32 GMT" time="6.232" errors="0">
  <testcase name="testInvalidUserLogin" time="6.232" classname="testCases.VerifyUserLogin_Invalid"/>
</testsuite> <!-- testCases.VerifyUserLogin_Invalid -->
