<?xml version="1.0" encoding="UTF-8"?>
<!-- Generated by org.testng.reporters.JUnitReportReporter -->
<testsuite hostname="Biswajits-MacBook-Pro.local" name="testCases.VerifyForgotPassword" tests="1" failures="0" timestamp="13 Apr 2017 02:30:22 GMT" time="4.802" errors="0">
  <testcase name="test_VerifyForgotPassword" time="4.802" classname="testCases.VerifyForgotPassword"/>
</testsuite> <!-- testCases.VerifyForgotPassword -->
