<?xml version="1.0" encoding="UTF-8"?>
<!-- Generated by org.testng.reporters.JUnitReportReporter -->
<testsuite hostname="Biswajits-MacBook-Pro.local" name="testCases.VerifyIndexPage" tests="1" failures="0" timestamp="9 Apr 2017 20:53:13 GMT" time="29.160" errors="0">
  <testcase name="testIndexPage" time="29.160" classname="testCases.VerifyIndexPage"/>
</testsuite> <!-- testCases.VerifyIndexPage -->
