<?xml version="1.0" encoding="UTF-8"?>
<!-- Generated by org.testng.reporters.JUnitReportReporter -->
<testsuite hostname="Biswajits-MacBook-Pro.local" name="testCases.VerifyUserLogin_Valid" tests="1" failures="0" timestamp="9 Apr 2017 17:31:59 GMT" time="10.965" errors="0">
  <testcase name="testValidUserLogin" time="10.965" classname="testCases.VerifyUserLogin_Valid"/>
</testsuite> <!-- testCases.VerifyUserLogin_Valid -->
