<?xml version="1.0" encoding="UTF-8"?>
<!-- Generated by org.testng.reporters.JUnitReportReporter -->
<testsuite hostname="Biswajits-MacBook-Pro.local" name="testCases.VerifyValidUserLogIn" tests="1" failures="0" timestamp="13 Apr 2017 02:30:22 GMT" time="10.670" errors="0">
  <testcase name="test_ValidUserLogIn" time="10.670" classname="testCases.VerifyValidUserLogIn"/>
</testsuite> <!-- testCases.VerifyValidUserLogIn -->
