<?xml version="1.0" encoding="UTF-8"?>
<!-- Generated by org.testng.reporters.JUnitReportReporter -->
<testsuite hostname="Biswajits-MacBook-Pro.local" name="testCases.VerifyLoginPage" tests="1" failures="0" timestamp="8 Apr 2017 09:16:25 GMT" time="9.104" errors="0">
  <testcase name="testIndexPage" time="9.104" classname="testCases.VerifyLoginPage"/>
</testsuite> <!-- testCases.VerifyLoginPage -->
